{"numFailedTestSuites":1,"numFailedTests":1,"numPassedTestSuites":0,"numPassedTests":1,"numPendingTestSuites":0,"numPendingTests":0,"numRuntimeErrorTestSuites":0,"numTodoTests":0,"numTotalTestSuites":1,"numTotalTests":2,"openHandles":[],"snapshot":{"added":0,"didUpdate":false,"failure":false,"filesAdded":0,"filesRemoved":0,"filesRemovedList":[],"filesUnmatched":0,"filesUpdated":0,"matched":0,"total":0,"unchecked":0,"uncheckedKeysByFile":[],"unmatched":0,"updated":0},"startTime":1772898650171,"success":false,"testResults":[{"assertionResults":[{"ancestorTitles":["EvaluateSentenceSkill"],"duration":4,"failing":false,"failureDetails":[{"matcherResult":{"message":"\u001b[2mexpect(\u001b[22m\u001b[31mreceived\u001b[39m\u001b[2m).\u001b[22mtoContain\u001b[2m(\u001b[22m\u001b[32mexpected\u001b[39m\u001b[2m) // indexOf\u001b[22m\n\nExpected substring: \u001b[32m\"罗马音转写\"\u001b[39m\nReceived string:    \u001b[31m\"你是一个耐心的日语外教。任务是同时批改多道初学者的造句练习。\u001b[39m\n\u001b[31m当前学习者进度：《大家的日语》第 1 到 5 课。·\u001b[39m\n\u001b[31m【批改准则（核心约束）】：\u001b[39m\n\u001b[31m1. 罗马音宽容：如果用户答案包含【纯英文字母拼写的罗马音】（如 watashi wa...），请将其视作对应的平假名进行同标准批改，坚决不能直接判错，但必须在反馈中用【假名】给出正确结果并提示其假名拼法。\u001b[39m\n\u001b[31m2. 汉字/假名双轨判定：如果单词的发音与假写是正确的，即便没有写成复杂的汉字，也必须判定为正确 (is_correct: true)。\u001b[39m\n\u001b[31m3. 语序宽容：日语造句语序灵活（例如\\\"明日 私は\\\" vs \\\"私は 明日\\\"，\\\"に\\\"和\\\"へ\\\"互通等），只要语法传达无误，均判定正确。\u001b[39m\n\u001b[31m4. 标点容错：忽略句末是否漏写句号。·\u001b[39m\n\u001b[31m【输出要求】\u001b[39m\n\u001b[31m必须严格返回以下 JSON 数组格式（不要包含 markdown 代码块符号）：\u001b[39m\n\u001b[31m[\u001b[39m\n\u001b[31m  {\u001b[39m\n\u001b[31m    \\\"id\\\": \\\"对应题目的id\\\",\u001b[39m\n\u001b[31m    \\\"is_correct\\\": true, // 或 false\u001b[39m\n\u001b[31m    \\\"error_type\\\": \\\"无 / 助词错误 / 动词变形错误等\\\",\u001b[39m\n\u001b[31m    \\\"correct_answer\\\": \\\"わたしは あした 京都へ 行きます。\\\", // 给出带有正常汉字和假名的标准答案\u001b[39m\n\u001b[31m    \\\"explanation\\\": \\\"简短的一段中文名师解析，点明为什么错或为什么对\\\",\u001b[39m\n\u001b[31m    \\\"natural_expression\\\": \\\"（可选）一句适用于赴日工作的更地道职场或母语者表达\\\"\u001b[39m\n\u001b[31m  }\u001b[39m\n\u001b[31m]·\u001b[39m\n\u001b[31m【用户的答卷内容】：\u001b[39m\n\u001b[31m【任务 1】\u001b[39m\n\u001b[31m- 题目ID: q1\u001b[39m\n\u001b[31m- 中文原题意: \\\"我明天去京都\\\"\u001b[39m\n\u001b[31m- 用户的答案: \\\"あしたきょうとへいきます\\\"·\u001b[39m\n\u001b[31m【任务 2】\u001b[39m\n\u001b[31m- 题目ID: q2\u001b[39m\n\u001b[31m- 中文原题意: \\\"用日语写信\\\"\u001b[39m\n\u001b[31m- 用户的答案: \\\"watashi wa nihongo ni tegami o kakimasu\\\"\"\u001b[39m","pass":false}}],"failureMessages":["Error: \u001b[2mexpect(\u001b[22m\u001b[31mreceived\u001b[39m\u001b[2m).\u001b[22mtoContain\u001b[2m(\u001b[22m\u001b[32mexpected\u001b[39m\u001b[2m) // indexOf\u001b[22m\n\nExpected substring: \u001b[32m\"罗马音转写\"\u001b[39m\nReceived string:    \u001b[31m\"你是一个耐心的日语外教。任务是同时批改多道初学者的造句练习。\u001b[39m\n\u001b[31m当前学习者进度：《大家的日语》第 1 到 5 课。·\u001b[39m\n\u001b[31m【批改准则（核心约束）】：\u001b[39m\n\u001b[31m1. 罗马音宽容：如果用户答案包含【纯英文字母拼写的罗马音】（如 watashi wa...），请将其视作对应的平假名进行同标准批改，坚决不能直接判错，但必须在反馈中用【假名】给出正确结果并提示其假名拼法。\u001b[39m\n\u001b[31m2. 汉字/假名双轨判定：如果单词的发音与假写是正确的，即便没有写成复杂的汉字，也必须判定为正确 (is_correct: true)。\u001b[39m\n\u001b[31m3. 语序宽容：日语造句语序灵活（例如\\\"明日 私は\\\" vs \\\"私は 明日\\\"，\\\"に\\\"和\\\"へ\\\"互通等），只要语法传达无误，均判定正确。\u001b[39m\n\u001b[31m4. 标点容错：忽略句末是否漏写句号。·\u001b[39m\n\u001b[31m【输出要求】\u001b[39m\n\u001b[31m必须严格返回以下 JSON 数组格式（不要包含 markdown 代码块符号）：\u001b[39m\n\u001b[31m[\u001b[39m\n\u001b[31m  {\u001b[39m\n\u001b[31m    \\\"id\\\": \\\"对应题目的id\\\",\u001b[39m\n\u001b[31m    \\\"is_correct\\\": true, // 或 false\u001b[39m\n\u001b[31m    \\\"error_type\\\": \\\"无 / 助词错误 / 动词变形错误等\\\",\u001b[39m\n\u001b[31m    \\\"correct_answer\\\": \\\"わたしは あした 京都へ 行きます。\\\", // 给出带有正常汉字和假名的标准答案\u001b[39m\n\u001b[31m    \\\"explanation\\\": \\\"简短的一段中文名师解析，点明为什么错或为什么对\\\",\u001b[39m\n\u001b[31m    \\\"natural_expression\\\": \\\"（可选）一句适用于赴日工作的更地道职场或母语者表达\\\"\u001b[39m\n\u001b[31m  }\u001b[39m\n\u001b[31m]·\u001b[39m\n\u001b[31m【用户的答卷内容】：\u001b[39m\n\u001b[31m【任务 1】\u001b[39m\n\u001b[31m- 题目ID: q1\u001b[39m\n\u001b[31m- 中文原题意: \\\"我明天去京都\\\"\u001b[39m\n\u001b[31m- 用户的答案: \\\"あしたきょうとへいきます\\\"·\u001b[39m\n\u001b[31m【任务 2】\u001b[39m\n\u001b[31m- 题目ID: q2\u001b[39m\n\u001b[31m- 中文原题意: \\\"用日语写信\\\"\u001b[39m\n\u001b[31m- 用户的答案: \\\"watashi wa nihongo ni tegami o kakimasu\\\"\"\u001b[39m\n    at Object.toContain (C:\\Users\\MB\\Desktop\\大家的日本语 练习\\tests\\evaluateSentence.test.js:21:24)\n    at Promise.finally.completed (C:\\Users\\MB\\Desktop\\大家的日本语 练习\\node_modules\\jest-circus\\build\\jestAdapterInit.js:1557:28)\n    at new Promise (<anonymous>)\n    at callAsyncCircusFn (C:\\Users\\MB\\Desktop\\大家的日本语 练习\\node_modules\\jest-circus\\build\\jestAdapterInit.js:1497:10)\n    at _callCircusTest (C:\\Users\\MB\\Desktop\\大家的日本语 练习\\node_modules\\jest-circus\\build\\jestAdapterInit.js:1007:40)\n    at _runTest (C:\\Users\\MB\\Desktop\\大家的日本语 练习\\node_modules\\jest-circus\\build\\jestAdapterInit.js:947:3)\n    at C:\\Users\\MB\\Desktop\\大家的日本语 练习\\node_modules\\jest-circus\\build\\jestAdapterInit.js:849:7\n    at _runTestsForDescribeBlock (C:\\Users\\MB\\Desktop\\大家的日本语 练习\\node_modules\\jest-circus\\build\\jestAdapterInit.js:862:11)\n    at _runTestsForDescribeBlock (C:\\Users\\MB\\Desktop\\大家的日本语 练习\\node_modules\\jest-circus\\build\\jestAdapterInit.js:857:11)\n    at run (C:\\Users\\MB\\Desktop\\大家的日本语 练习\\node_modules\\jest-circus\\build\\jestAdapterInit.js:761:3)\n    at runAndTransformResultsToJestFormat (C:\\Users\\MB\\Desktop\\大家的日本语 练习\\node_modules\\jest-circus\\build\\jestAdapterInit.js:1918:21)\n    at jestAdapter (C:\\Users\\MB\\Desktop\\大家的日本语 练习\\node_modules\\jest-circus\\build\\runner.js:101:19)\n    at runTestInternal (C:\\Users\\MB\\Desktop\\大家的日本语 练习\\node_modules\\jest-runner\\build\\index.js:275:16)\n    at runTest (C:\\Users\\MB\\Desktop\\大家的日本语 练习\\node_modules\\jest-runner\\build\\index.js:343:7)"],"fullName":"EvaluateSentenceSkill should build correct evaluation prompt with batch format","invocations":1,"location":null,"numPassingAsserts":2,"retryReasons":[],"startAt":1772898650763,"status":"failed","title":"should build correct evaluation prompt with batch format"},{"ancestorTitles":["EvaluateSentenceSkill"],"duration":2,"failing":false,"failureDetails":[],"failureMessages":[],"fullName":"EvaluateSentenceSkill should parse evaluation result correctly","invocations":1,"location":null,"numPassingAsserts":3,"retryReasons":[],"startAt":1772898650773,"status":"passed","title":"should parse evaluation result correctly"}],"endTime":1772898650789,"message":"\u001b[1m\u001b[31m  \u001b[1m● \u001b[22m\u001b[1mEvaluateSentenceSkill › should build correct evaluation prompt with batch format\u001b[39m\u001b[22m\n\n    \u001b[2mexpect(\u001b[22m\u001b[31mreceived\u001b[39m\u001b[2m).\u001b[22mtoContain\u001b[2m(\u001b[22m\u001b[32mexpected\u001b[39m\u001b[2m) // indexOf\u001b[22m\n\n    Expected substring: \u001b[32m\"罗马音转写\"\u001b[39m\n    Received string:    \u001b[31m\"你是一个耐心的日语外教。任务是同时批改多道初学者的造句练习。\u001b[39m\n    \u001b[31m当前学习者进度：《大家的日语》第 1 到 5 课。·\u001b[39m\n    \u001b[31m【批改准则（核心约束）】：\u001b[39m\n    \u001b[31m1. 罗马音宽容：如果用户答案包含【纯英文字母拼写的罗马音】（如 watashi wa...），请将其视作对应的平假名进行同标准批改，坚决不能直接判错，但必须在反馈中用【假名】给出正确结果并提示其假名拼法。\u001b[39m\n    \u001b[31m2. 汉字/假名双轨判定：如果单词的发音与假写是正确的，即便没有写成复杂的汉字，也必须判定为正确 (is_correct: true)。\u001b[39m\n    \u001b[31m3. 语序宽容：日语造句语序灵活（例如\\\"明日 私は\\\" vs \\\"私は 明日\\\"，\\\"に\\\"和\\\"へ\\\"互通等），只要语法传达无误，均判定正确。\u001b[39m\n    \u001b[31m4. 标点容错：忽略句末是否漏写句号。·\u001b[39m\n    \u001b[31m【输出要求】\u001b[39m\n    \u001b[31m必须严格返回以下 JSON 数组格式（不要包含 markdown 代码块符号）：\u001b[39m\n    \u001b[31m[\u001b[39m\n    \u001b[31m  {\u001b[39m\n    \u001b[31m    \\\"id\\\": \\\"对应题目的id\\\",\u001b[39m\n    \u001b[31m    \\\"is_correct\\\": true, // 或 false\u001b[39m\n    \u001b[31m    \\\"error_type\\\": \\\"无 / 助词错误 / 动词变形错误等\\\",\u001b[39m\n    \u001b[31m    \\\"correct_answer\\\": \\\"わたしは あした 京都へ 行きます。\\\", // 给出带有正常汉字和假名的标准答案\u001b[39m\n    \u001b[31m    \\\"explanation\\\": \\\"简短的一段中文名师解析，点明为什么错或为什么对\\\",\u001b[39m\n    \u001b[31m    \\\"natural_expression\\\": \\\"（可选）一句适用于赴日工作的更地道职场或母语者表达\\\"\u001b[39m\n    \u001b[31m  }\u001b[39m\n    \u001b[31m]·\u001b[39m\n    \u001b[31m【用户的答卷内容】：\u001b[39m\n    \u001b[31m【任务 1】\u001b[39m\n    \u001b[31m- 题目ID: q1\u001b[39m\n    \u001b[31m- 中文原题意: \\\"我明天去京都\\\"\u001b[39m\n    \u001b[31m- 用户的答案: \\\"あしたきょうとへいきます\\\"·\u001b[39m\n    \u001b[31m【任务 2】\u001b[39m\n    \u001b[31m- 题目ID: q2\u001b[39m\n    \u001b[31m- 中文原题意: \\\"用日语写信\\\"\u001b[39m\n    \u001b[31m- 用户的答案: \\\"watashi wa nihongo ni tegami o kakimasu\\\"\"\u001b[39m\n\u001b[2m\u001b[22m\n\u001b[2m    \u001b[0m \u001b[90m 19 |\u001b[39m         expect(prompt)\u001b[33m.\u001b[39mtoContain(\u001b[32m\"我明天去京都\"\u001b[39m)\u001b[33m;\u001b[39m\u001b[22m\n\u001b[2m     \u001b[90m 20 |\u001b[39m         expect(prompt)\u001b[33m.\u001b[39mtoContain(\u001b[32m\"watashi wa nihongo ni tegami o kakimasu\"\u001b[39m)\u001b[33m;\u001b[39m\u001b[22m\n\u001b[2m    \u001b[31m\u001b[1m>\u001b[22m\u001b[2m\u001b[39m\u001b[90m 21 |\u001b[39m         expect(prompt)\u001b[33m.\u001b[39mtoContain(\u001b[32m\"罗马音转写\"\u001b[39m)\u001b[33m;\u001b[39m\u001b[22m\n\u001b[2m     \u001b[90m    |\u001b[39m                        \u001b[31m\u001b[1m^\u001b[22m\u001b[2m\u001b[39m\u001b[22m\n\u001b[2m     \u001b[90m 22 |\u001b[39m         expect(prompt)\u001b[33m.\u001b[39mtoContain(\u001b[32m\"返回纯 JSON 格式\"\u001b[39m)\u001b[33m;\u001b[39m\u001b[22m\n\u001b[2m     \u001b[90m 23 |\u001b[39m     })\u001b[33m;\u001b[39m\u001b[22m\n\u001b[2m     \u001b[90m 24 |\u001b[39m\u001b[0m\u001b[22m\n\u001b[2m\u001b[22m\n\u001b[2m      \u001b[2mat Object.toContain (\u001b[22m\u001b[2m\u001b[0m\u001b[36mtests/evaluateSentence.test.js\u001b[39m\u001b[0m\u001b[2m:21:24)\u001b[22m\u001b[2m\u001b[22m\n","name":"C:\\Users\\MB\\Desktop\\大家的日本语 练习\\tests\\evaluateSentence.test.js","startTime":1772898650254,"status":"failed","summary":""}],"wasInterrupted":false}
